<?xml version="1.0" encoding="UTF-8"?>
<!-- Generated by org.testng.reporters.JUnitReportReporter -->
<testsuite skipped="0" hostname="INL-7TVF2G2" name="com.qa.test.HomePageTest" tests="1" failures="0" timestamp="29 Sep 2019 13:38:46 GMT" time="32.379" errors="0">
  <testcase name="enterSearchDetails" time="32.379" classname="com.qa.test.HomePageTest"/>
</testsuite> <!-- com.qa.test.HomePageTest -->
